{"C:\\aminode\\starwars-names\\src\\index.test.js":{"path":"C:\\aminode\\starwars-names\\src\\index.test.js","s":{"1":1,"2":1,"3":1,"4":1,"5":1,"6":1,"7":1,"8":1,"9":93,"10":1,"11":1,"12":1,"13":1,"14":1,"15":1,"16":1,"17":1,"18":1,"19":1,"20":1,"21":1},"b":{},"f":{"1":1,"2":1,"3":1,"4":1,"5":93,"6":1,"7":1,"8":1,"9":1},"fnMap":{"1":{"name":"(anonymous_1)","line":4,"loc":{"start":{"line":4,"column":26},"end":{"line":4,"column":36}}},"2":{"name":"(anonymous_2)","line":6,"loc":{"start":{"line":6,"column":20},"end":{"line":6,"column":30}}},"3":{"name":"(anonymous_3)","line":7,"loc":{"start":{"line":7,"column":47},"end":{"line":7,"column":57}}},"4":{"name":"isArrayOfStrings","line":10,"loc":{"start":{"line":10,"column":15},"end":{"line":10,"column":47}}},"5":{"name":"(anonymous_5)","line":11,"loc":{"start":{"line":11,"column":38},"end":{"line":11,"column":52}}},"6":{"name":"(anonymous_6)","line":17,"loc":{"start":{"line":17,"column":49},"end":{"line":17,"column":59}}},"7":{"name":"(anonymous_7)","line":22,"loc":{"start":{"line":22,"column":22},"end":{"line":22,"column":32}}},"8":{"name":"(anonymous_8)","line":23,"loc":{"start":{"line":23,"column":60},"end":{"line":23,"column":70}}},"9":{"name":"(anonymous_9)","line":28,"loc":{"start":{"line":28,"column":68},"end":{"line":28,"column":78}}}},"statementMap":{"1":{"start":{"line":1,"column":0},"end":{"line":1,"column":36}},"2":{"start":{"line":2,"column":0},"end":{"line":2,"column":34}},"3":{"start":{"line":4,"column":0},"end":{"line":37,"column":3}},"4":{"start":{"line":6,"column":4},"end":{"line":20,"column":7}},"5":{"start":{"line":7,"column":11},"end":{"line":15,"column":14}},"6":{"start":{"line":8,"column":15},"end":{"line":8,"column":65}},"7":{"start":{"line":10,"column":15},"end":{"line":14,"column":16}},"8":{"start":{"line":11,"column":19},"end":{"line":13,"column":22}},"9":{"start":{"line":12,"column":24},"end":{"line":12,"column":55}},"10":{"start":{"line":17,"column":11},"end":{"line":19,"column":14}},"11":{"start":{"line":18,"column":15},"end":{"line":18,"column":65}},"12":{"start":{"line":22,"column":4},"end":{"line":34,"column":7}},"13":{"start":{"line":23,"column":8},"end":{"line":27,"column":11}},"14":{"start":{"line":24,"column":12},"end":{"line":24,"column":47}},"15":{"start":{"line":25,"column":12},"end":{"line":25,"column":50}},"16":{"start":{"line":26,"column":12},"end":{"line":26,"column":56}},"17":{"start":{"line":28,"column":8},"end":{"line":33,"column":10}},"18":{"start":{"line":29,"column":12},"end":{"line":29,"column":48}},"19":{"start":{"line":30,"column":12},"end":{"line":30,"column":49}},"20":{"start":{"line":31,"column":12},"end":{"line":31,"column":49}},"21":{"start":{"line":32,"column":12},"end":{"line":32,"column":59}}},"branchMap":{}},"C:\\aminode\\starwars-names\\src\\index.js":{"path":"C:\\aminode\\starwars-names\\src\\index.js","s":{"1":1,"2":1,"3":1,"4":1,"5":1,"6":2,"7":1,"8":1,"9":1,"10":3,"11":1,"12":1,"13":0,"14":0},"b":{"1":[1,1],"2":[2,1,1]},"f":{"1":2,"2":0},"fnMap":{"1":{"name":"random","line":10,"loc":{"start":{"line":10,"column":0},"end":{"line":10,"column":23}}},"2":{"name":"doSomething","line":22,"loc":{"start":{"line":22,"column":0},"end":{"line":22,"column":22}}}},"statementMap":{"1":{"start":{"line":1,"column":0},"end":{"line":1,"column":52}},"2":{"start":{"line":2,"column":0},"end":{"line":2,"column":55}},"3":{"start":{"line":3,"column":0},"end":{"line":3,"column":49}},"4":{"start":{"line":5,"column":0},"end":{"line":8,"column":1}},"5":{"start":{"line":10,"column":0},"end":{"line":20,"column":1}},"6":{"start":{"line":11,"column":4},"end":{"line":19,"column":5}},"7":{"start":{"line":12,"column":8},"end":{"line":12,"column":28}},"8":{"start":{"line":14,"column":8},"end":{"line":14,"column":29}},"9":{"start":{"line":15,"column":8},"end":{"line":17,"column":9}},"10":{"start":{"line":16,"column":12},"end":{"line":16,"column":43}},"11":{"start":{"line":18,"column":8},"end":{"line":18,"column":27}},"12":{"start":{"line":22,"column":0},"end":{"line":25,"column":1}},"13":{"start":{"line":23,"column":4},"end":{"line":23,"column":22}},"14":{"start":{"line":24,"column":4},"end":{"line":24,"column":89}}},"branchMap":{"1":{"line":11,"type":"if","locations":[{"start":{"line":11,"column":4},"end":{"line":11,"column":4}},{"start":{"line":11,"column":4},"end":{"line":11,"column":4}}]},"2":{"line":11,"type":"binary-expr","locations":[{"start":{"line":11,"column":7},"end":{"line":11,"column":27}},{"start":{"line":11,"column":31},"end":{"line":11,"column":59}},{"start":{"line":11,"column":63},"end":{"line":11,"column":73}}]}}}}