TN:
SF:C:\aminode\starwars-names\src\index.test.js
FN:4,(anonymous_1)
FN:6,(anonymous_2)
FN:7,(anonymous_3)
FN:10,isArrayOfStrings
FN:11,(anonymous_5)
FN:17,(anonymous_6)
FN:22,(anonymous_7)
FN:23,(anonymous_8)
FN:28,(anonymous_9)
FNF:9
FNH:9
FNDA:1,(anonymous_1)
FNDA:1,(anonymous_2)
FNDA:1,(anonymous_3)
FNDA:1,isArrayOfStrings
FNDA:93,(anonymous_5)
FNDA:1,(anonymous_6)
FNDA:1,(anonymous_7)
FNDA:1,(anonymous_8)
FNDA:1,(anonymous_9)
DA:1,1
DA:2,1
DA:4,1
DA:6,1
DA:7,1
DA:8,1
DA:10,1
DA:11,1
DA:12,93
DA:17,1
DA:18,1
DA:22,1
DA:23,1
DA:24,1
DA:25,1
DA:26,1
DA:28,1
DA:29,1
DA:30,1
DA:31,1
DA:32,1
LF:21
LH:21
BRF:0
BRH:0
end_of_record
TN:
SF:C:\aminode\starwars-names\src\index.js
FN:10,random
FN:22,doSomething
FNF:2
FNH:1
FNDA:2,random
FNDA:0,doSomething
DA:1,1
DA:2,1
DA:3,1
DA:5,1
DA:10,1
DA:11,2
DA:12,1
DA:14,1
DA:15,1
DA:16,3
DA:18,1
DA:22,1
DA:23,0
DA:24,0
LF:14
LH:12
BRDA:11,1,0,1
BRDA:11,1,1,1
BRDA:11,2,0,2
BRDA:11,2,1,1
BRDA:11,2,2,1
BRF:5
BRH:5
end_of_record
